<?xml version="1.0" encoding="UTF-8"?>
<testsuite name="com.patterns2.TestApplication" tests="1" skipped="0" failures="0" errors="0" timestamp="2021-02-23T09:21:56" hostname="LAPTOP-IONOIBNJ" time="0.007">
  <properties/>
  <testcase name="contextLoads()" classname="com.patterns2.TestApplication" time="0.007"/>
  <system-out><![CDATA[2021-02-23 10:21:56.220  INFO 23836 --- [    Test worker] .b.t.c.SpringBootTestContextBootstrapper : Neither @ContextConfiguration nor @ContextHierarchy found for test class [com.patterns2.TestApplication], using SpringBootContextLoader
2021-02-23 10:21:56.223  INFO 23836 --- [    Test worker] o.s.t.c.support.AbstractContextLoader    : Could not detect default resource locations for test class [com.patterns2.TestApplication]: no resource found for suffixes {-context.xml, Context.groovy}.
2021-02-23 10:21:56.224  INFO 23836 --- [    Test worker] t.c.s.AnnotationConfigContextLoaderUtils : Could not detect default configuration classes for test class [com.patterns2.TestApplication]: TestApplication does not declare any static, non-private, non-final, nested classes annotated with @Configuration.
2021-02-23 10:21:56.237  INFO 23836 --- [    Test worker] .b.t.c.SpringBootTestContextBootstrapper : Found @SpringBootConfiguration com.patterns2.Application for test class com.patterns2.TestApplication
2021-02-23 10:21:56.242  INFO 23836 --- [    Test worker] .b.t.c.SpringBootTestContextBootstrapper : Loaded default TestExecutionListener class names from location [META-INF/spring.factories]: [org.springframework.boot.test.autoconfigure.restdocs.RestDocsTestExecutionListener, org.springframework.boot.test.autoconfigure.web.client.MockRestServiceServerResetTestExecutionListener, org.springframework.boot.test.autoconfigure.web.servlet.MockMvcPrintOnlyOnFailureTestExecutionListener, org.springframework.boot.test.autoconfigure.web.servlet.WebDriverTestExecutionListener, org.springframework.boot.test.autoconfigure.webservices.client.MockWebServiceServerTestExecutionListener, org.springframework.boot.test.mock.mockito.MockitoTestExecutionListener, org.springframework.boot.test.mock.mockito.ResetMocksTestExecutionListener, org.springframework.test.context.web.ServletTestExecutionListener, org.springframework.test.context.support.DirtiesContextBeforeModesTestExecutionListener, org.springframework.test.context.support.DependencyInjectionTestExecutionListener, org.springframework.test.context.support.DirtiesContextTestExecutionListener, org.springframework.test.context.transaction.TransactionalTestExecutionListener, org.springframework.test.context.jdbc.SqlScriptsTestExecutionListener, org.springframework.test.context.event.EventPublishingTestExecutionListener]
2021-02-23 10:21:56.245  INFO 23836 --- [    Test worker] .b.t.c.SpringBootTestContextBootstrapper : Using TestExecutionListeners: [org.springframework.test.context.support.DirtiesContextBeforeModesTestExecutionListener@7c6912d8, org.springframework.boot.test.mock.mockito.MockitoTestExecutionListener@3030780a, org.springframework.boot.test.autoconfigure.SpringBootDependencyInjectionTestExecutionListener@63aebbde, org.springframework.test.context.support.DirtiesContextTestExecutionListener@2f193b63, org.springframework.test.context.event.EventPublishingTestExecutionListener@1b52038a, org.springframework.boot.test.autoconfigure.restdocs.RestDocsTestExecutionListener@2891d8c2, org.springframework.boot.test.autoconfigure.web.client.MockRestServiceServerResetTestExecutionListener@3ef7e645, org.springframework.boot.test.autoconfigure.web.servlet.MockMvcPrintOnlyOnFailureTestExecutionListener@585300db, org.springframework.boot.test.autoconfigure.web.servlet.WebDriverTestExecutionListener@53961608, org.springframework.boot.test.autoconfigure.webservices.client.MockWebServiceServerTestExecutionListener@75679370, org.springframework.boot.test.mock.mockito.ResetMocksTestExecutionListener@74239657]
]]></system-out>
  <system-err><![CDATA[]]></system-err>
</testsuite>
