<?xml version="1.0" encoding="UTF-8"?>
<testsuite name="com.patterns2.aop.calculator.CalculatorTestSuite" tests="5" skipped="0" failures="0" errors="0" timestamp="2021-02-23T09:21:55" hostname="LAPTOP-IONOIBNJ" time="0.768">
  <properties/>
  <testcase name="testAdd()" classname="com.patterns2.aop.calculator.CalculatorTestSuite" time="0.693"/>
  <testcase name="testDiv()" classname="com.patterns2.aop.calculator.CalculatorTestSuite" time="0.008"/>
  <testcase name="testMul()" classname="com.patterns2.aop.calculator.CalculatorTestSuite" time="0.007"/>
  <testcase name="testSub()" classname="com.patterns2.aop.calculator.CalculatorTestSuite" time="0.005"/>
  <testcase name="testFactorial()" classname="com.patterns2.aop.calculator.CalculatorTestSuite" time="0.048"/>
  <system-out><![CDATA[10:21:52.823 [Test worker] DEBUG org.springframework.test.context.BootstrapUtils - Instantiating CacheAwareContextLoaderDelegate from class [org.springframework.test.context.cache.DefaultCacheAwareContextLoaderDelegate]
10:21:52.842 [Test worker] DEBUG org.springframework.test.context.BootstrapUtils - Instantiating BootstrapContext using constructor [public org.springframework.test.context.support.DefaultBootstrapContext(java.lang.Class,org.springframework.test.context.CacheAwareContextLoaderDelegate)]
10:21:52.897 [Test worker] DEBUG org.springframework.test.context.BootstrapUtils - Instantiating TestContextBootstrapper for test class [com.patterns2.aop.calculator.CalculatorTestSuite] from class [org.springframework.boot.test.context.SpringBootTestContextBootstrapper]
10:21:52.911 [Test worker] INFO org.springframework.boot.test.context.SpringBootTestContextBootstrapper - Neither @ContextConfiguration nor @ContextHierarchy found for test class [com.patterns2.aop.calculator.CalculatorTestSuite], using SpringBootContextLoader
10:21:52.919 [Test worker] DEBUG org.springframework.test.context.support.AbstractContextLoader - Did not detect default resource location for test class [com.patterns2.aop.calculator.CalculatorTestSuite]: class path resource [com/patterns2/aop/calculator/CalculatorTestSuite-context.xml] does not exist
10:21:52.920 [Test worker] DEBUG org.springframework.test.context.support.AbstractContextLoader - Did not detect default resource location for test class [com.patterns2.aop.calculator.CalculatorTestSuite]: class path resource [com/patterns2/aop/calculator/CalculatorTestSuiteContext.groovy] does not exist
10:21:52.921 [Test worker] INFO org.springframework.test.context.support.AbstractContextLoader - Could not detect default resource locations for test class [com.patterns2.aop.calculator.CalculatorTestSuite]: no resource found for suffixes {-context.xml, Context.groovy}.
10:21:52.922 [Test worker] INFO org.springframework.test.context.support.AnnotationConfigContextLoaderUtils - Could not detect default configuration classes for test class [com.patterns2.aop.calculator.CalculatorTestSuite]: CalculatorTestSuite does not declare any static, non-private, non-final, nested classes annotated with @Configuration.
10:21:53.036 [Test worker] DEBUG org.springframework.test.context.support.ActiveProfilesUtils - Could not find an 'annotation declaring class' for annotation type [org.springframework.test.context.ActiveProfiles] and class [com.patterns2.aop.calculator.CalculatorTestSuite]
10:21:53.169 [Test worker] DEBUG org.springframework.context.annotation.ClassPathScanningCandidateComponentProvider - Identified candidate component class: file [C:\Development\Projects\learning\more-patterns\build\classes\java\main\com\patterns2\Application.class]
10:21:53.172 [Test worker] INFO org.springframework.boot.test.context.SpringBootTestContextBootstrapper - Found @SpringBootConfiguration com.patterns2.Application for test class com.patterns2.aop.calculator.CalculatorTestSuite
10:21:53.329 [Test worker] DEBUG org.springframework.boot.test.context.SpringBootTestContextBootstrapper - @TestExecutionListeners is not present for class [com.patterns2.aop.calculator.CalculatorTestSuite]: using defaults.
10:21:53.330 [Test worker] INFO org.springframework.boot.test.context.SpringBootTestContextBootstrapper - Loaded default TestExecutionListener class names from location [META-INF/spring.factories]: [org.springframework.boot.test.autoconfigure.restdocs.RestDocsTestExecutionListener, org.springframework.boot.test.autoconfigure.web.client.MockRestServiceServerResetTestExecutionListener, org.springframework.boot.test.autoconfigure.web.servlet.MockMvcPrintOnlyOnFailureTestExecutionListener, org.springframework.boot.test.autoconfigure.web.servlet.WebDriverTestExecutionListener, org.springframework.boot.test.autoconfigure.webservices.client.MockWebServiceServerTestExecutionListener, org.springframework.boot.test.mock.mockito.MockitoTestExecutionListener, org.springframework.boot.test.mock.mockito.ResetMocksTestExecutionListener, org.springframework.test.context.web.ServletTestExecutionListener, org.springframework.test.context.support.DirtiesContextBeforeModesTestExecutionListener, org.springframework.test.context.support.DependencyInjectionTestExecutionListener, org.springframework.test.context.support.DirtiesContextTestExecutionListener, org.springframework.test.context.transaction.TransactionalTestExecutionListener, org.springframework.test.context.jdbc.SqlScriptsTestExecutionListener, org.springframework.test.context.event.EventPublishingTestExecutionListener]
10:21:53.344 [Test worker] DEBUG org.springframework.boot.test.context.SpringBootTestContextBootstrapper - Skipping candidate TestExecutionListener [org.springframework.test.context.web.ServletTestExecutionListener] due to a missing dependency. Specify custom listener classes or make the default listener classes and their required dependencies available. Offending class: [javax/servlet/ServletContext]
10:21:53.347 [Test worker] DEBUG org.springframework.boot.test.context.SpringBootTestContextBootstrapper - Skipping candidate TestExecutionListener [org.springframework.test.context.transaction.TransactionalTestExecutionListener] due to a missing dependency. Specify custom listener classes or make the default listener classes and their required dependencies available. Offending class: [org/springframework/transaction/interceptor/TransactionAttributeSource]
10:21:53.348 [Test worker] DEBUG org.springframework.boot.test.context.SpringBootTestContextBootstrapper - Skipping candidate TestExecutionListener [org.springframework.test.context.jdbc.SqlScriptsTestExecutionListener] due to a missing dependency. Specify custom listener classes or make the default listener classes and their required dependencies available. Offending class: [org/springframework/transaction/interceptor/TransactionAttribute]
10:21:53.348 [Test worker] INFO org.springframework.boot.test.context.SpringBootTestContextBootstrapper - Using TestExecutionListeners: [org.springframework.test.context.support.DirtiesContextBeforeModesTestExecutionListener@1935625b, org.springframework.boot.test.mock.mockito.MockitoTestExecutionListener@1e543255, org.springframework.boot.test.autoconfigure.SpringBootDependencyInjectionTestExecutionListener@2160cbdb, org.springframework.test.context.support.DirtiesContextTestExecutionListener@ab08434, org.springframework.test.context.event.EventPublishingTestExecutionListener@38a51883, org.springframework.boot.test.autoconfigure.restdocs.RestDocsTestExecutionListener@75c4358, org.springframework.boot.test.autoconfigure.web.client.MockRestServiceServerResetTestExecutionListener@20c56e7b, org.springframework.boot.test.autoconfigure.web.servlet.MockMvcPrintOnlyOnFailureTestExecutionListener@2edacf73, org.springframework.boot.test.autoconfigure.web.servlet.WebDriverTestExecutionListener@3eabab2b, org.springframework.boot.test.autoconfigure.webservices.client.MockWebServiceServerTestExecutionListener@5b086925, org.springframework.boot.test.mock.mockito.ResetMocksTestExecutionListener@50357289]
10:21:53.355 [Test worker] DEBUG org.springframework.test.context.support.AbstractDirtiesContextTestExecutionListener - Before test class: context [DefaultTestContext@3b720c5c testClass = CalculatorTestSuite, testInstance = [null], testMethod = [null], testException = [null], mergedContextConfiguration = [MergedContextConfiguration@2972cb43 testClass = CalculatorTestSuite, locations = '{}', classes = '{class com.patterns2.Application}', contextInitializerClasses = '[]', activeProfiles = '{}', propertySourceLocations = '{}', propertySourceProperties = '{org.springframework.boot.test.context.SpringBootTestContextBootstrapper=true}', contextCustomizers = set[org.springframework.boot.test.autoconfigure.actuate.metrics.MetricsExportContextCustomizerFactory$DisableMetricExportContextCustomizer@13b3dd23, org.springframework.boot.test.autoconfigure.properties.PropertyMappingContextCustomizer@0, org.springframework.boot.test.autoconfigure.web.servlet.WebDriverContextCustomizerFactory$Customizer@4890c44, org.springframework.boot.test.context.filter.ExcludeFilterContextCustomizer@3ee9b309, org.springframework.boot.test.json.DuplicateJsonObjectContextCustomizerFactory$DuplicateJsonObjectContextCustomizer@5c527103, org.springframework.boot.test.mock.mockito.MockitoContextCustomizer@0, org.springframework.boot.test.web.client.TestRestTemplateContextCustomizer@41ffb9a, org.springframework.boot.test.web.reactive.server.WebTestClientContextCustomizer@6c0a7811, org.springframework.boot.test.context.SpringBootTestArgs@1, org.springframework.boot.test.context.SpringBootTestWebEnvironment@635350af], contextLoader = 'org.springframework.boot.test.context.SpringBootContextLoader', parent = [null]], attributes = map[[empty]]], class annotated with @DirtiesContext [false] with mode [null].
10:21:53.372 [Test worker] DEBUG org.springframework.test.context.support.DependencyInjectionTestExecutionListener - Performing dependency injection for test context [[DefaultTestContext@3b720c5c testClass = CalculatorTestSuite, testInstance = com.patterns2.aop.calculator.CalculatorTestSuite@8e2fa1, testMethod = [null], testException = [null], mergedContextConfiguration = [MergedContextConfiguration@2972cb43 testClass = CalculatorTestSuite, locations = '{}', classes = '{class com.patterns2.Application}', contextInitializerClasses = '[]', activeProfiles = '{}', propertySourceLocations = '{}', propertySourceProperties = '{org.springframework.boot.test.context.SpringBootTestContextBootstrapper=true}', contextCustomizers = set[org.springframework.boot.test.autoconfigure.actuate.metrics.MetricsExportContextCustomizerFactory$DisableMetricExportContextCustomizer@13b3dd23, org.springframework.boot.test.autoconfigure.properties.PropertyMappingContextCustomizer@0, org.springframework.boot.test.autoconfigure.web.servlet.WebDriverContextCustomizerFactory$Customizer@4890c44, org.springframework.boot.test.context.filter.ExcludeFilterContextCustomizer@3ee9b309, org.springframework.boot.test.json.DuplicateJsonObjectContextCustomizerFactory$DuplicateJsonObjectContextCustomizer@5c527103, org.springframework.boot.test.mock.mockito.MockitoContextCustomizer@0, org.springframework.boot.test.web.client.TestRestTemplateContextCustomizer@41ffb9a, org.springframework.boot.test.web.reactive.server.WebTestClientContextCustomizer@6c0a7811, org.springframework.boot.test.context.SpringBootTestArgs@1, org.springframework.boot.test.context.SpringBootTestWebEnvironment@635350af], contextLoader = 'org.springframework.boot.test.context.SpringBootContextLoader', parent = [null]], attributes = map[[empty]]]].
10:21:53.416 [Test worker] DEBUG org.springframework.test.context.support.TestPropertySourceUtils - Adding inlined properties to environment: {spring.jmx.enabled=false, org.springframework.boot.test.context.SpringBootTestContextBootstrapper=true}

  .   ____          _            __ _ _
 /\\ / ___'_ __ _ _(_)_ __  __ _ \ \ \ \
( ( )\___ | '_ | '_| | '_ \/ _` | \ \ \ \
 \\/  ___)| |_)| | | | | || (_| |  ) ) ) )
  '  |____| .__|_| |_|_| |_\__, | / / / /
 =========|_|==============|___/=/_/_/_/
 :: Spring Boot ::                (v2.4.0)

2021-02-23 10:21:53.927  INFO 23836 --- [    Test worker] c.p.aop.calculator.CalculatorTestSuite   : Starting CalculatorTestSuite using Java 11.0.8 on LAPTOP-IONOIBNJ with PID 23836 (started by HP in C:\Development\Projects\learning\more-patterns)
2021-02-23 10:21:53.931  INFO 23836 --- [    Test worker] c.p.aop.calculator.CalculatorTestSuite   : No active profile set, falling back to default profiles: default
2021-02-23 10:21:55.248  INFO 23836 --- [    Test worker] c.p.aop.calculator.CalculatorTestSuite   : Started CalculatorTestSuite in 1.827 seconds (JVM running for 4.453)
2021-02-23 10:21:55.924  INFO 23836 --- [    Test worker] c.p.aop.calculator.CalculatorTestSuite   : Testing add method
2021-02-23 10:21:55.966  INFO 23836 --- [    Test worker] c.p.aop.calculator.CalculatorTestSuite   : Testing div method
2021-02-23 10:21:55.975  INFO 23836 --- [    Test worker] c.p.aop.calculator.CalculatorTestSuite   : Testing mul method
2021-02-23 10:21:55.982  INFO 23836 --- [    Test worker] c.p.aop.calculator.CalculatorTestSuite   : Testing sub method
2021-02-23 10:21:56.006  INFO 23836 --- [    Test worker] com.patterns2.aop.calculator.Watcher     : Class: com.patterns2.aop.calculator.Calculator, Args: 1000
2021-02-23 10:21:56.021  INFO 23836 --- [    Test worker] com.patterns2.aop.calculator.Watcher     : Time consumed 23[ms]
2021-02-23 10:21:56.022  INFO 23836 --- [    Test worker] c.p.aop.calculator.CalculatorTestSuite   : Testing factorial method
402387260077093773543702433923003985719374864210714632543799910429938512398629020592044208486969404800479988610197196058631666872994808558901323829669944590997424504087073759918823627727188732519779505950995276120874975462497043601418278094646496291056393887437886487337119181045825783647849977012476632889835955735432513185323958463075557409114262417474349347553428646576611667797396668820291207379143853719588249808126867838374559731746136085379534524221586593201928090878297308431392844403281231558611036976801357304216168747609675871348312025478589320767169132448426236131412508780208000261683151027341827977704784635868170164365024153691398281264810213092761244896359928705114964975419909342221566832572080821333186116811553615836546984046708975602900950537616475847728421889679646244945160765353408198901385442487984959953319101723355556602139450399736280750137837615307127761926849034352625200015888535147331611702103968175921510907788019393178114194545257223865541461062892187960223838971476088506276862967146674697562911234082439208160153780889893964518263243671616762179168909779911903754031274622289988005195444414282012187361745992642956581746628302955570299024324153181617210465832036786906117260158783520751516284225540265170483304226143974286933061690897968482590125458327168226458066526769958652682272807075781391858178889652208164348344825993266043367660176999612831860788386150279465955131156552036093988180612138558600301435694527224206344631797460594682573103790084024432438465657245014402821885252470935190620929023136493273497565513958720559654228749774011413346962715422845862377387538230483865688976461927383814900140767310446640259899490222221765904339901886018566526485061799702356193897017860040811889729918311021171229845901641921068884387121855646124960798722908519296819372388642614839657382291123125024186649353143970137428531926649875337218940694281434118520158014123344828015051399694290153483077644569099073152433278288269864602789864321139083506217095002597389863554277196742822248757586765752344220207573630569498825087968928162753848863396909959826280956121450994871701244516461260379029309120889086942028510640182154399457156805941872748998094254742173582401063677404595741785160829230135358081840096996372524230560855903700624271243416909004153690105933983835777939410970027753472000000000000000000000000000000000000000000000000000000000000000000000000000000000000000000000000000000000000000000000000000000000000000000000000000000000000000000000000000000000000000000000000000000000000000000000000000000000000000000000000000000000
]]></system-out>
  <system-err><![CDATA[]]></system-err>
</testsuite>
